<?xml version="1.0" encoding="UTF-8"?>
<!-- Generated by org.testng.reporters.JUnitXMLReporter -->
<testsuite ignored="0" hostname="DESKTOP-QARGP3R" failures="0" tests="4" name="Default test" time="48.152" errors="0" timestamp="2022-04-06T15:15:45 IST">
  <testcase classname="TestLogin.SignUpTestNG" name="signUp1" time="4.336"/>
  <testcase classname="TestLogin.SignUpTestNG" name="signUp2" time="4.332"/>
  <testcase classname="TestLogin.SignUpTestNG" name="signUp3" time="4.238"/>
  <testcase classname="TestLogin.SignUpTestNG" name="signUp4" time="14.111"/>
</testsuite> <!-- Default test -->
